ARM GAS  /tmp/ccBQdR0S.s 			page 1


   1              		.cpu cortex-m4
   2              		.eabi_attribute 27, 1
   3              		.eabi_attribute 28, 1
   4              		.eabi_attribute 20, 1
   5              		.eabi_attribute 21, 1
   6              		.eabi_attribute 23, 3
   7              		.eabi_attribute 24, 1
   8              		.eabi_attribute 25, 1
   9              		.eabi_attribute 26, 1
  10              		.eabi_attribute 30, 4
  11              		.eabi_attribute 34, 1
  12              		.eabi_attribute 18, 4
  13              		.file	"pdm2pcm.c"
  14              		.text
  15              	.Ltext0:
  16              		.cfi_sections	.debug_frame
  17              		.section	.text.MX_PDM2PCM_Init,"ax",%progbits
  18              		.align	1
  19              		.global	MX_PDM2PCM_Init
  20              		.syntax unified
  21              		.thumb
  22              		.thumb_func
  23              		.fpu fpv4-sp-d16
  25              	MX_PDM2PCM_Init:
  26              	.LFB0:
  27              		.file 1 "Src/pdm2pcm.c"
   1:Src/pdm2pcm.c **** /**
   2:Src/pdm2pcm.c ****  ******************************************************************************
   3:Src/pdm2pcm.c ****  * File Name          : pdm2pcm.c
   4:Src/pdm2pcm.c ****  * Description        : This file provides code for the configuration
   5:Src/pdm2pcm.c ****  *                      of the pdm2pcm instances.
   6:Src/pdm2pcm.c ****  ******************************************************************************
   7:Src/pdm2pcm.c ****  * This notice applies to any and all portions of this file
   8:Src/pdm2pcm.c ****  * that are not between comment pairs USER CODE BEGIN and
   9:Src/pdm2pcm.c ****  * USER CODE END. Other portions of this file, whether
  10:Src/pdm2pcm.c ****  * inserted by the user or by software development tools
  11:Src/pdm2pcm.c ****  * are owned by their respective copyright owners.
  12:Src/pdm2pcm.c ****  *
  13:Src/pdm2pcm.c ****  * Copyright (c) 2019 STMicroelectronics International N.V.
  14:Src/pdm2pcm.c ****  * All rights reserved.
  15:Src/pdm2pcm.c ****  *
  16:Src/pdm2pcm.c ****  * Redistribution and use in source and binary forms, with or without
  17:Src/pdm2pcm.c ****  * modification, are permitted, provided that the following conditions are met:
  18:Src/pdm2pcm.c ****  *
  19:Src/pdm2pcm.c ****  * 1. Redistribution of source code must retain the above copyright notice,
  20:Src/pdm2pcm.c ****  *    this list of conditions and the following disclaimer.
  21:Src/pdm2pcm.c ****  * 2. Redistributions in binary form must reproduce the above copyright notice,
  22:Src/pdm2pcm.c ****  *    this list of conditions and the following disclaimer in the documentation
  23:Src/pdm2pcm.c ****  *    and/or other materials provided with the distribution.
  24:Src/pdm2pcm.c ****  * 3. Neither the name of STMicroelectronics nor the names of other
  25:Src/pdm2pcm.c ****  *    contributors to this software may be used to endorse or promote products
  26:Src/pdm2pcm.c ****  *    derived from this software without specific written permission.
  27:Src/pdm2pcm.c ****  * 4. This software, including modifications and/or derivative works of this
  28:Src/pdm2pcm.c ****  *    software, must execute solely and exclusively on microcontroller or
  29:Src/pdm2pcm.c ****  *    microprocessor devices manufactured by or for STMicroelectronics.
  30:Src/pdm2pcm.c ****  * 5. Redistribution and use of this software other than as permitted under
  31:Src/pdm2pcm.c ****  *    this license is void and will automatically terminate your rights under
ARM GAS  /tmp/ccBQdR0S.s 			page 2


  32:Src/pdm2pcm.c ****  *    this license.
  33:Src/pdm2pcm.c ****  *
  34:Src/pdm2pcm.c ****  * THIS SOFTWARE IS PROVIDED BY STMICROELECTRONICS AND CONTRIBUTORS "AS IS"
  35:Src/pdm2pcm.c ****  * AND ANY EXPRESS, IMPLIED OR STATUTORY WARRANTIES, INCLUDING, BUT NOT
  36:Src/pdm2pcm.c ****  * LIMITED TO, THE IMPLIED WARRANTIES OF MERCHANTABILITY, FITNESS FOR A
  37:Src/pdm2pcm.c ****  * PARTICULAR PURPOSE AND NON-INFRINGEMENT OF THIRD PARTY INTELLECTUAL PROPERTY
  38:Src/pdm2pcm.c ****  * RIGHTS ARE DISCLAIMED TO THE FULLEST EXTENT PERMITTED BY LAW. IN NO EVENT
  39:Src/pdm2pcm.c ****  * SHALL STMICROELECTRONICS OR CONTRIBUTORS BE LIABLE FOR ANY DIRECT, INDIRECT,
  40:Src/pdm2pcm.c ****  * INCIDENTAL, SPECIAL, EXEMPLARY, OR CONSEQUENTIAL DAMAGES (INCLUDING, BUT NOT
  41:Src/pdm2pcm.c ****  * LIMITED TO, PROCUREMENT OF SUBSTITUTE GOODS OR SERVICES; LOSS OF USE, DATA,
  42:Src/pdm2pcm.c ****  * OR PROFITS; OR BUSINESS INTERRUPTION) HOWEVER CAUSED AND ON ANY THEORY OF
  43:Src/pdm2pcm.c ****  * LIABILITY, WHETHER IN CONTRACT, STRICT LIABILITY, OR TORT (INCLUDING
  44:Src/pdm2pcm.c ****  * NEGLIGENCE OR OTHERWISE) ARISING IN ANY WAY OUT OF THE USE OF THIS SOFTWARE,
  45:Src/pdm2pcm.c ****  * EVEN IF ADVISED OF THE POSSIBILITY OF SUCH DAMAGE.
  46:Src/pdm2pcm.c ****  *
  47:Src/pdm2pcm.c ****  ******************************************************************************
  48:Src/pdm2pcm.c ****  */
  49:Src/pdm2pcm.c **** 
  50:Src/pdm2pcm.c **** /* Includes ------------------------------------------------------------------*/
  51:Src/pdm2pcm.c **** #include "pdm2pcm.h"
  52:Src/pdm2pcm.c **** 
  53:Src/pdm2pcm.c **** /* USER CODE BEGIN 0 */
  54:Src/pdm2pcm.c **** /* USER CODE END 0 */
  55:Src/pdm2pcm.c **** 
  56:Src/pdm2pcm.c **** /* Global variables ---------------------------------------------------------*/
  57:Src/pdm2pcm.c **** PDM_Filter_Handler_t PDM1_filter_handler;
  58:Src/pdm2pcm.c **** PDM_Filter_Config_t PDM1_filter_config;
  59:Src/pdm2pcm.c **** 
  60:Src/pdm2pcm.c **** /* USER CODE BEGIN 1 */
  61:Src/pdm2pcm.c **** /* USER CODE END 1 */
  62:Src/pdm2pcm.c **** 
  63:Src/pdm2pcm.c **** /* PDM2PCM init function */
  64:Src/pdm2pcm.c **** void MX_PDM2PCM_Init(void) {
  28              		.loc 1 64 0
  29              		.cfi_startproc
  30              		@ args = 0, pretend = 0, frame = 8
  31              		@ frame_needed = 0, uses_anonymous_args = 0
  32 0000 13B5     		push	{r0, r1, r4, lr}
  33              	.LCFI0:
  34              		.cfi_def_cfa_offset 16
  35              		.cfi_offset 4, -8
  36              		.cfi_offset 14, -4
  65:Src/pdm2pcm.c ****   /* USER CODE BEGIN 2 */
  66:Src/pdm2pcm.c ****   /* USER CODE END 2 */
  67:Src/pdm2pcm.c **** 
  68:Src/pdm2pcm.c ****   /**
  69:Src/pdm2pcm.c ****    */
  70:Src/pdm2pcm.c ****   PDM1_filter_handler.bit_order = PDM_FILTER_BIT_ORDER_LSB;
  71:Src/pdm2pcm.c ****   PDM1_filter_handler.endianness = PDM_FILTER_ENDIANNESS_LE;
  37              		.loc 1 71 0
  38 0002 0C4B     		ldr	r3, .L2
  70:Src/pdm2pcm.c ****   PDM1_filter_handler.endianness = PDM_FILTER_ENDIANNESS_LE;
  39              		.loc 1 70 0
  40 0004 0C4C     		ldr	r4, .L2+4
  41              		.loc 1 71 0
  42 0006 0022     		movs	r2, #0
  43 0008 C4E90023 		strd	r2, r3, [r4]
ARM GAS  /tmp/ccBQdR0S.s 			page 3


  72:Src/pdm2pcm.c ****   PDM1_filter_handler.high_pass_tap = 2104533974;
  73:Src/pdm2pcm.c ****   PDM1_filter_handler.in_ptr_channels = 1;
  74:Src/pdm2pcm.c ****   PDM1_filter_handler.out_ptr_channels = 1;
  75:Src/pdm2pcm.c ****   volatile uint32_t result;
  76:Src/pdm2pcm.c ****   result = PDM_Filter_Init((PDM_Filter_Handler_t *)(&PDM1_filter_handler));
  44              		.loc 1 76 0
  45 000c 2046     		mov	r0, r4
  72:Src/pdm2pcm.c ****   PDM1_filter_handler.high_pass_tap = 2104533974;
  46              		.loc 1 72 0
  47 000e 4FF00113 		mov	r3, #65537
  48 0012 A360     		str	r3, [r4, #8]
  49              		.loc 1 76 0
  50 0014 FFF7FEFF 		bl	PDM_Filter_Init
  51              	.LVL0:
  77:Src/pdm2pcm.c **** 
  78:Src/pdm2pcm.c ****   PDM1_filter_config.decimation_factor = PDM_FILTER_DEC_FACTOR_64;
  52              		.loc 1 78 0
  53 0018 0849     		ldr	r1, .L2+8
  76:Src/pdm2pcm.c **** 
  54              		.loc 1 76 0
  55 001a 0190     		str	r0, [sp, #4]
  56              		.loc 1 78 0
  57 001c 0223     		movs	r3, #2
  58 001e 0B80     		strh	r3, [r1]	@ movhi
  79:Src/pdm2pcm.c ****   PDM1_filter_config.output_samples_number = 16;
  59              		.loc 1 79 0
  60 0020 1023     		movs	r3, #16
  61 0022 4B80     		strh	r3, [r1, #2]	@ movhi
  80:Src/pdm2pcm.c ****   PDM1_filter_config.mic_gain = 24;
  81:Src/pdm2pcm.c ****   result = PDM_Filter_setConfig(&PDM1_filter_handler, &PDM1_filter_config);
  62              		.loc 1 81 0
  63 0024 2046     		mov	r0, r4
  80:Src/pdm2pcm.c ****   PDM1_filter_config.mic_gain = 24;
  64              		.loc 1 80 0
  65 0026 1823     		movs	r3, #24
  66 0028 8B80     		strh	r3, [r1, #4]	@ movhi
  67              		.loc 1 81 0
  68 002a FFF7FEFF 		bl	PDM_Filter_setConfig
  69              	.LVL1:
  70 002e 0190     		str	r0, [sp, #4]
  82:Src/pdm2pcm.c **** 
  83:Src/pdm2pcm.c ****   /* USER CODE BEGIN 3 */
  84:Src/pdm2pcm.c ****   /* USER CODE END 3 */
  85:Src/pdm2pcm.c **** }
  71              		.loc 1 85 0
  72 0030 02B0     		add	sp, sp, #8
  73              	.LCFI1:
  74              		.cfi_def_cfa_offset 8
  75              		@ sp needed
  76 0032 10BD     		pop	{r4, pc}
  77              	.L3:
  78              		.align	2
  79              	.L2:
  80 0034 D6A3707D 		.word	2104533974
  81 0038 00000000 		.word	PDM1_filter_handler
  82 003c 00000000 		.word	PDM1_filter_config
  83              		.cfi_endproc
ARM GAS  /tmp/ccBQdR0S.s 			page 4


  84              	.LFE0:
  86              		.section	.text.MX_PDM2PCM_Process,"ax",%progbits
  87              		.align	1
  88              		.global	MX_PDM2PCM_Process
  89              		.syntax unified
  90              		.thumb
  91              		.thumb_func
  92              		.fpu fpv4-sp-d16
  94              	MX_PDM2PCM_Process:
  95              	.LFB1:
  86:Src/pdm2pcm.c **** 
  87:Src/pdm2pcm.c **** /* USER CODE BEGIN 4 */
  88:Src/pdm2pcm.c **** 
  89:Src/pdm2pcm.c **** /*  process function */
  90:Src/pdm2pcm.c **** uint8_t MX_PDM2PCM_Process(uint16_t *PDMBuf, uint16_t *PCMBuf) {
  96              		.loc 1 90 0
  97              		.cfi_startproc
  98              		@ args = 0, pretend = 0, frame = 0
  99              		@ frame_needed = 0, uses_anonymous_args = 0
 100              		@ link register save eliminated.
 101              	.LVL2:
  91:Src/pdm2pcm.c ****   /*
  92:Src/pdm2pcm.c ****   uint8_t BSP_AUDIO_IN_PDMToPCM(uint16_t * PDMBuf, uint16_t * PCMBuf)
  93:Src/pdm2pcm.c **** 
  94:Src/pdm2pcm.c ****   Converts audio format from PDM to PCM.
  95:Src/pdm2pcm.c ****   Parameters:
  96:Src/pdm2pcm.c ****     PDMBuf : Pointer to PDM buffer data
  97:Src/pdm2pcm.c ****     PCMBuf : Pointer to PCM buffer data
  98:Src/pdm2pcm.c ****   Return values:
  99:Src/pdm2pcm.c ****     AUDIO_OK in case of success, AUDIO_ERROR otherwise
 100:Src/pdm2pcm.c ****   */
 101:Src/pdm2pcm.c ****   /* this example return the default status AUDIO_ERROR */
 102:Src/pdm2pcm.c ****   // PDM_Filter(PDMBuf, PCMBuf, PDM1_filter_handler);
 103:Src/pdm2pcm.c ****   return (uint8_t)1;
 104:Src/pdm2pcm.c **** }
 102              		.loc 1 104 0
 103 0000 0120     		movs	r0, #1
 104              	.LVL3:
 105 0002 7047     		bx	lr
 106              		.cfi_endproc
 107              	.LFE1:
 109              		.comm	PDM1_filter_config,6,2
 110              		.comm	PDM1_filter_handler,76,4
 111              		.text
 112              	.Letext0:
 113              		.file 2 "/usr/arm-none-eabi/include/machine/_default_types.h"
 114              		.file 3 "/usr/arm-none-eabi/include/sys/_stdint.h"
 115              		.file 4 "Middlewares/ST/STM32_Audio/Addons/PDM/Inc/pdm2pcm_glo.h"
 116              		.file 5 "Inc/pdm2pcm.h"
ARM GAS  /tmp/ccBQdR0S.s 			page 5


DEFINED SYMBOLS
                            *ABS*:0000000000000000 pdm2pcm.c
     /tmp/ccBQdR0S.s:18     .text.MX_PDM2PCM_Init:0000000000000000 $t
     /tmp/ccBQdR0S.s:25     .text.MX_PDM2PCM_Init:0000000000000000 MX_PDM2PCM_Init
     /tmp/ccBQdR0S.s:80     .text.MX_PDM2PCM_Init:0000000000000034 $d
                            *COM*:000000000000004c PDM1_filter_handler
                            *COM*:0000000000000006 PDM1_filter_config
     /tmp/ccBQdR0S.s:87     .text.MX_PDM2PCM_Process:0000000000000000 $t
     /tmp/ccBQdR0S.s:94     .text.MX_PDM2PCM_Process:0000000000000000 MX_PDM2PCM_Process

UNDEFINED SYMBOLS
PDM_Filter_Init
PDM_Filter_setConfig
