ARM GAS  /tmp/ccTVquVw.s 			page 1


   1              		.cpu cortex-m4
   2              		.eabi_attribute 27, 1
   3              		.eabi_attribute 28, 1
   4              		.eabi_attribute 20, 1
   5              		.eabi_attribute 21, 1
   6              		.eabi_attribute 23, 3
   7              		.eabi_attribute 24, 1
   8              		.eabi_attribute 25, 1
   9              		.eabi_attribute 26, 1
  10              		.eabi_attribute 30, 1
  11              		.eabi_attribute 34, 1
  12              		.eabi_attribute 18, 4
  13              		.file	"stm32f4xx_hal_msp.c"
  14              		.text
  15              	.Ltext0:
  16              		.cfi_sections	.debug_frame
  17              		.section	.text.HAL_MspInit,"ax",%progbits
  18              		.align	1
  19              		.global	HAL_MspInit
  20              		.syntax unified
  21              		.thumb
  22              		.thumb_func
  23              		.fpu fpv4-sp-d16
  25              	HAL_MspInit:
  26              	.LFB126:
  27              		.file 1 "Src/stm32f4xx_hal_msp.c"
   1:Src/stm32f4xx_hal_msp.c **** /**
   2:Src/stm32f4xx_hal_msp.c ****   ******************************************************************************
   3:Src/stm32f4xx_hal_msp.c ****   * File Name          : stm32f4xx_hal_msp.c
   4:Src/stm32f4xx_hal_msp.c ****   * Description        : This file provides code for the MSP Initialization 
   5:Src/stm32f4xx_hal_msp.c ****   *                      and de-Initialization codes.
   6:Src/stm32f4xx_hal_msp.c ****   ******************************************************************************
   7:Src/stm32f4xx_hal_msp.c ****   * This notice applies to any and all portions of this file
   8:Src/stm32f4xx_hal_msp.c ****   * that are not between comment pairs USER CODE BEGIN and
   9:Src/stm32f4xx_hal_msp.c ****   * USER CODE END. Other portions of this file, whether 
  10:Src/stm32f4xx_hal_msp.c ****   * inserted by the user or by software development tools
  11:Src/stm32f4xx_hal_msp.c ****   * are owned by their respective copyright owners.
  12:Src/stm32f4xx_hal_msp.c ****   *
  13:Src/stm32f4xx_hal_msp.c ****   * Copyright (c) 2019 STMicroelectronics International N.V. 
  14:Src/stm32f4xx_hal_msp.c ****   * All rights reserved.
  15:Src/stm32f4xx_hal_msp.c ****   *
  16:Src/stm32f4xx_hal_msp.c ****   * Redistribution and use in source and binary forms, with or without 
  17:Src/stm32f4xx_hal_msp.c ****   * modification, are permitted, provided that the following conditions are met:
  18:Src/stm32f4xx_hal_msp.c ****   *
  19:Src/stm32f4xx_hal_msp.c ****   * 1. Redistribution of source code must retain the above copyright notice, 
  20:Src/stm32f4xx_hal_msp.c ****   *    this list of conditions and the following disclaimer.
  21:Src/stm32f4xx_hal_msp.c ****   * 2. Redistributions in binary form must reproduce the above copyright notice,
  22:Src/stm32f4xx_hal_msp.c ****   *    this list of conditions and the following disclaimer in the documentation
  23:Src/stm32f4xx_hal_msp.c ****   *    and/or other materials provided with the distribution.
  24:Src/stm32f4xx_hal_msp.c ****   * 3. Neither the name of STMicroelectronics nor the names of other 
  25:Src/stm32f4xx_hal_msp.c ****   *    contributors to this software may be used to endorse or promote products 
  26:Src/stm32f4xx_hal_msp.c ****   *    derived from this software without specific written permission.
  27:Src/stm32f4xx_hal_msp.c ****   * 4. This software, including modifications and/or derivative works of this 
  28:Src/stm32f4xx_hal_msp.c ****   *    software, must execute solely and exclusively on microcontroller or
  29:Src/stm32f4xx_hal_msp.c ****   *    microprocessor devices manufactured by or for STMicroelectronics.
  30:Src/stm32f4xx_hal_msp.c ****   * 5. Redistribution and use of this software other than as permitted under 
  31:Src/stm32f4xx_hal_msp.c ****   *    this license is void and will automatically terminate your rights under 
ARM GAS  /tmp/ccTVquVw.s 			page 2


  32:Src/stm32f4xx_hal_msp.c ****   *    this license. 
  33:Src/stm32f4xx_hal_msp.c ****   *
  34:Src/stm32f4xx_hal_msp.c ****   * THIS SOFTWARE IS PROVIDED BY STMICROELECTRONICS AND CONTRIBUTORS "AS IS" 
  35:Src/stm32f4xx_hal_msp.c ****   * AND ANY EXPRESS, IMPLIED OR STATUTORY WARRANTIES, INCLUDING, BUT NOT 
  36:Src/stm32f4xx_hal_msp.c ****   * LIMITED TO, THE IMPLIED WARRANTIES OF MERCHANTABILITY, FITNESS FOR A 
  37:Src/stm32f4xx_hal_msp.c ****   * PARTICULAR PURPOSE AND NON-INFRINGEMENT OF THIRD PARTY INTELLECTUAL PROPERTY
  38:Src/stm32f4xx_hal_msp.c ****   * RIGHTS ARE DISCLAIMED TO THE FULLEST EXTENT PERMITTED BY LAW. IN NO EVENT 
  39:Src/stm32f4xx_hal_msp.c ****   * SHALL STMICROELECTRONICS OR CONTRIBUTORS BE LIABLE FOR ANY DIRECT, INDIRECT,
  40:Src/stm32f4xx_hal_msp.c ****   * INCIDENTAL, SPECIAL, EXEMPLARY, OR CONSEQUENTIAL DAMAGES (INCLUDING, BUT NOT
  41:Src/stm32f4xx_hal_msp.c ****   * LIMITED TO, PROCUREMENT OF SUBSTITUTE GOODS OR SERVICES; LOSS OF USE, DATA, 
  42:Src/stm32f4xx_hal_msp.c ****   * OR PROFITS; OR BUSINESS INTERRUPTION) HOWEVER CAUSED AND ON ANY THEORY OF 
  43:Src/stm32f4xx_hal_msp.c ****   * LIABILITY, WHETHER IN CONTRACT, STRICT LIABILITY, OR TORT (INCLUDING 
  44:Src/stm32f4xx_hal_msp.c ****   * NEGLIGENCE OR OTHERWISE) ARISING IN ANY WAY OUT OF THE USE OF THIS SOFTWARE,
  45:Src/stm32f4xx_hal_msp.c ****   * EVEN IF ADVISED OF THE POSSIBILITY OF SUCH DAMAGE.
  46:Src/stm32f4xx_hal_msp.c ****   *
  47:Src/stm32f4xx_hal_msp.c ****   ******************************************************************************
  48:Src/stm32f4xx_hal_msp.c ****   */
  49:Src/stm32f4xx_hal_msp.c **** /* Includes ------------------------------------------------------------------*/
  50:Src/stm32f4xx_hal_msp.c **** #include "stm32f4xx_hal.h"
  51:Src/stm32f4xx_hal_msp.c **** extern void _Error_Handler(char *, int);
  52:Src/stm32f4xx_hal_msp.c **** /* USER CODE BEGIN 0 */
  53:Src/stm32f4xx_hal_msp.c **** 
  54:Src/stm32f4xx_hal_msp.c **** /* USER CODE END 0 */
  55:Src/stm32f4xx_hal_msp.c **** /**
  56:Src/stm32f4xx_hal_msp.c ****   * Initializes the Global MSP.
  57:Src/stm32f4xx_hal_msp.c ****   */
  58:Src/stm32f4xx_hal_msp.c **** void HAL_MspInit(void)
  59:Src/stm32f4xx_hal_msp.c **** {
  28              		.loc 1 59 0
  29              		.cfi_startproc
  30              		@ args = 0, pretend = 0, frame = 8
  31              		@ frame_needed = 0, uses_anonymous_args = 0
  32 0000 10B5     		push	{r4, lr}
  33              	.LCFI0:
  34              		.cfi_def_cfa_offset 8
  35              		.cfi_offset 4, -8
  36              		.cfi_offset 14, -4
  37 0002 82B0     		sub	sp, sp, #8
  38              	.LCFI1:
  39              		.cfi_def_cfa_offset 16
  40              	.LBB2:
  60:Src/stm32f4xx_hal_msp.c ****   /* USER CODE BEGIN MspInit 0 */
  61:Src/stm32f4xx_hal_msp.c **** 
  62:Src/stm32f4xx_hal_msp.c ****   /* USER CODE END MspInit 0 */
  63:Src/stm32f4xx_hal_msp.c **** 
  64:Src/stm32f4xx_hal_msp.c ****   __HAL_RCC_SYSCFG_CLK_ENABLE();
  41              		.loc 1 64 0
  42 0004 0024     		movs	r4, #0
  43 0006 0094     		str	r4, [sp]
  44 0008 214B     		ldr	r3, .L3
  45 000a 5A6C     		ldr	r2, [r3, #68]
  46 000c 42F48042 		orr	r2, r2, #16384
  47 0010 5A64     		str	r2, [r3, #68]
  48 0012 5A6C     		ldr	r2, [r3, #68]
  49 0014 02F48042 		and	r2, r2, #16384
  50 0018 0092     		str	r2, [sp]
  51 001a 009A     		ldr	r2, [sp]
ARM GAS  /tmp/ccTVquVw.s 			page 3


  52              	.LBE2:
  53              	.LBB3:
  65:Src/stm32f4xx_hal_msp.c ****   __HAL_RCC_PWR_CLK_ENABLE();
  54              		.loc 1 65 0
  55 001c 0194     		str	r4, [sp, #4]
  56 001e 1A6C     		ldr	r2, [r3, #64]
  57 0020 42F08052 		orr	r2, r2, #268435456
  58 0024 1A64     		str	r2, [r3, #64]
  59 0026 1B6C     		ldr	r3, [r3, #64]
  60 0028 03F08053 		and	r3, r3, #268435456
  61 002c 0193     		str	r3, [sp, #4]
  62 002e 019B     		ldr	r3, [sp, #4]
  63              	.LBE3:
  66:Src/stm32f4xx_hal_msp.c **** 
  67:Src/stm32f4xx_hal_msp.c ****   HAL_NVIC_SetPriorityGrouping(NVIC_PRIORITYGROUP_0);
  64              		.loc 1 67 0
  65 0030 0720     		movs	r0, #7
  66 0032 FFF7FEFF 		bl	HAL_NVIC_SetPriorityGrouping
  67              	.LVL0:
  68:Src/stm32f4xx_hal_msp.c **** 
  69:Src/stm32f4xx_hal_msp.c ****   /* System interrupt init*/
  70:Src/stm32f4xx_hal_msp.c ****   /* MemoryManagement_IRQn interrupt configuration */
  71:Src/stm32f4xx_hal_msp.c ****   HAL_NVIC_SetPriority(MemoryManagement_IRQn, 0, 0);
  68              		.loc 1 71 0
  69 0036 2246     		mov	r2, r4
  70 0038 2146     		mov	r1, r4
  71 003a 6FF00B00 		mvn	r0, #11
  72 003e FFF7FEFF 		bl	HAL_NVIC_SetPriority
  73              	.LVL1:
  72:Src/stm32f4xx_hal_msp.c ****   /* BusFault_IRQn interrupt configuration */
  73:Src/stm32f4xx_hal_msp.c ****   HAL_NVIC_SetPriority(BusFault_IRQn, 0, 0);
  74              		.loc 1 73 0
  75 0042 2246     		mov	r2, r4
  76 0044 2146     		mov	r1, r4
  77 0046 6FF00A00 		mvn	r0, #10
  78 004a FFF7FEFF 		bl	HAL_NVIC_SetPriority
  79              	.LVL2:
  74:Src/stm32f4xx_hal_msp.c ****   /* UsageFault_IRQn interrupt configuration */
  75:Src/stm32f4xx_hal_msp.c ****   HAL_NVIC_SetPriority(UsageFault_IRQn, 0, 0);
  80              		.loc 1 75 0
  81 004e 2246     		mov	r2, r4
  82 0050 2146     		mov	r1, r4
  83 0052 6FF00900 		mvn	r0, #9
  84 0056 FFF7FEFF 		bl	HAL_NVIC_SetPriority
  85              	.LVL3:
  76:Src/stm32f4xx_hal_msp.c ****   /* SVCall_IRQn interrupt configuration */
  77:Src/stm32f4xx_hal_msp.c ****   HAL_NVIC_SetPriority(SVCall_IRQn, 0, 0);
  86              		.loc 1 77 0
  87 005a 2246     		mov	r2, r4
  88 005c 2146     		mov	r1, r4
  89 005e 6FF00400 		mvn	r0, #4
  90 0062 FFF7FEFF 		bl	HAL_NVIC_SetPriority
  91              	.LVL4:
  78:Src/stm32f4xx_hal_msp.c ****   /* DebugMonitor_IRQn interrupt configuration */
  79:Src/stm32f4xx_hal_msp.c ****   HAL_NVIC_SetPriority(DebugMonitor_IRQn, 0, 0);
  92              		.loc 1 79 0
  93 0066 2246     		mov	r2, r4
ARM GAS  /tmp/ccTVquVw.s 			page 4


  94 0068 2146     		mov	r1, r4
  95 006a 6FF00300 		mvn	r0, #3
  96 006e FFF7FEFF 		bl	HAL_NVIC_SetPriority
  97              	.LVL5:
  80:Src/stm32f4xx_hal_msp.c ****   /* PendSV_IRQn interrupt configuration */
  81:Src/stm32f4xx_hal_msp.c ****   HAL_NVIC_SetPriority(PendSV_IRQn, 0, 0);
  98              		.loc 1 81 0
  99 0072 2246     		mov	r2, r4
 100 0074 2146     		mov	r1, r4
 101 0076 6FF00100 		mvn	r0, #1
 102 007a FFF7FEFF 		bl	HAL_NVIC_SetPriority
 103              	.LVL6:
  82:Src/stm32f4xx_hal_msp.c ****   /* SysTick_IRQn interrupt configuration */
  83:Src/stm32f4xx_hal_msp.c ****   HAL_NVIC_SetPriority(SysTick_IRQn, 0, 0);
 104              		.loc 1 83 0
 105 007e 2246     		mov	r2, r4
 106 0080 2146     		mov	r1, r4
 107 0082 4FF0FF30 		mov	r0, #-1
 108 0086 FFF7FEFF 		bl	HAL_NVIC_SetPriority
 109              	.LVL7:
  84:Src/stm32f4xx_hal_msp.c **** 
  85:Src/stm32f4xx_hal_msp.c ****   /* USER CODE BEGIN MspInit 1 */
  86:Src/stm32f4xx_hal_msp.c **** 
  87:Src/stm32f4xx_hal_msp.c ****   /* USER CODE END MspInit 1 */
  88:Src/stm32f4xx_hal_msp.c **** }
 110              		.loc 1 88 0
 111 008a 02B0     		add	sp, sp, #8
 112              	.LCFI2:
 113              		.cfi_def_cfa_offset 8
 114              		@ sp needed
 115 008c 10BD     		pop	{r4, pc}
 116              	.L4:
 117 008e 00BF     		.align	2
 118              	.L3:
 119 0090 00380240 		.word	1073887232
 120              		.cfi_endproc
 121              	.LFE126:
 123              		.section	.text.HAL_CRC_MspInit,"ax",%progbits
 124              		.align	1
 125              		.global	HAL_CRC_MspInit
 126              		.syntax unified
 127              		.thumb
 128              		.thumb_func
 129              		.fpu fpv4-sp-d16
 131              	HAL_CRC_MspInit:
 132              	.LFB127:
  89:Src/stm32f4xx_hal_msp.c **** 
  90:Src/stm32f4xx_hal_msp.c **** void HAL_CRC_MspInit(CRC_HandleTypeDef* hcrc)
  91:Src/stm32f4xx_hal_msp.c **** {
 133              		.loc 1 91 0
 134              		.cfi_startproc
 135              		@ args = 0, pretend = 0, frame = 8
 136              		@ frame_needed = 0, uses_anonymous_args = 0
 137              		@ link register save eliminated.
 138              	.LVL8:
  92:Src/stm32f4xx_hal_msp.c **** 
  93:Src/stm32f4xx_hal_msp.c ****   if(hcrc->Instance==CRC)
ARM GAS  /tmp/ccTVquVw.s 			page 5


 139              		.loc 1 93 0
 140 0000 0268     		ldr	r2, [r0]
 141 0002 094B     		ldr	r3, .L12
 142 0004 9A42     		cmp	r2, r3
 143 0006 00D0     		beq	.L11
 144 0008 7047     		bx	lr
 145              	.L11:
  91:Src/stm32f4xx_hal_msp.c **** 
 146              		.loc 1 91 0
 147 000a 82B0     		sub	sp, sp, #8
 148              	.LCFI3:
 149              		.cfi_def_cfa_offset 8
 150              	.LBB4:
  94:Src/stm32f4xx_hal_msp.c ****   {
  95:Src/stm32f4xx_hal_msp.c ****   /* USER CODE BEGIN CRC_MspInit 0 */
  96:Src/stm32f4xx_hal_msp.c **** 
  97:Src/stm32f4xx_hal_msp.c ****   /* USER CODE END CRC_MspInit 0 */
  98:Src/stm32f4xx_hal_msp.c ****     /* Peripheral clock enable */
  99:Src/stm32f4xx_hal_msp.c ****     __HAL_RCC_CRC_CLK_ENABLE();
 151              		.loc 1 99 0
 152 000c 0023     		movs	r3, #0
 153 000e 0193     		str	r3, [sp, #4]
 154 0010 064B     		ldr	r3, .L12+4
 155 0012 1A6B     		ldr	r2, [r3, #48]
 156 0014 42F48052 		orr	r2, r2, #4096
 157 0018 1A63     		str	r2, [r3, #48]
 158 001a 1B6B     		ldr	r3, [r3, #48]
 159 001c 03F48053 		and	r3, r3, #4096
 160 0020 0193     		str	r3, [sp, #4]
 161 0022 019B     		ldr	r3, [sp, #4]
 162              	.LBE4:
 100:Src/stm32f4xx_hal_msp.c ****   /* USER CODE BEGIN CRC_MspInit 1 */
 101:Src/stm32f4xx_hal_msp.c **** 
 102:Src/stm32f4xx_hal_msp.c ****   /* USER CODE END CRC_MspInit 1 */
 103:Src/stm32f4xx_hal_msp.c ****   }
 104:Src/stm32f4xx_hal_msp.c **** 
 105:Src/stm32f4xx_hal_msp.c **** }
 163              		.loc 1 105 0
 164 0024 02B0     		add	sp, sp, #8
 165              	.LCFI4:
 166              		.cfi_def_cfa_offset 0
 167              		@ sp needed
 168 0026 7047     		bx	lr
 169              	.L13:
 170              		.align	2
 171              	.L12:
 172 0028 00300240 		.word	1073885184
 173 002c 00380240 		.word	1073887232
 174              		.cfi_endproc
 175              	.LFE127:
 177              		.section	.text.HAL_CRC_MspDeInit,"ax",%progbits
 178              		.align	1
 179              		.global	HAL_CRC_MspDeInit
 180              		.syntax unified
 181              		.thumb
 182              		.thumb_func
 183              		.fpu fpv4-sp-d16
ARM GAS  /tmp/ccTVquVw.s 			page 6


 185              	HAL_CRC_MspDeInit:
 186              	.LFB128:
 106:Src/stm32f4xx_hal_msp.c **** 
 107:Src/stm32f4xx_hal_msp.c **** void HAL_CRC_MspDeInit(CRC_HandleTypeDef* hcrc)
 108:Src/stm32f4xx_hal_msp.c **** {
 187              		.loc 1 108 0
 188              		.cfi_startproc
 189              		@ args = 0, pretend = 0, frame = 0
 190              		@ frame_needed = 0, uses_anonymous_args = 0
 191              		@ link register save eliminated.
 192              	.LVL9:
 109:Src/stm32f4xx_hal_msp.c **** 
 110:Src/stm32f4xx_hal_msp.c ****   if(hcrc->Instance==CRC)
 193              		.loc 1 110 0
 194 0000 0268     		ldr	r2, [r0]
 195 0002 054B     		ldr	r3, .L17
 196 0004 9A42     		cmp	r2, r3
 197 0006 00D0     		beq	.L16
 198              	.L14:
 111:Src/stm32f4xx_hal_msp.c ****   {
 112:Src/stm32f4xx_hal_msp.c ****   /* USER CODE BEGIN CRC_MspDeInit 0 */
 113:Src/stm32f4xx_hal_msp.c **** 
 114:Src/stm32f4xx_hal_msp.c ****   /* USER CODE END CRC_MspDeInit 0 */
 115:Src/stm32f4xx_hal_msp.c ****     /* Peripheral clock disable */
 116:Src/stm32f4xx_hal_msp.c ****     __HAL_RCC_CRC_CLK_DISABLE();
 117:Src/stm32f4xx_hal_msp.c ****   /* USER CODE BEGIN CRC_MspDeInit 1 */
 118:Src/stm32f4xx_hal_msp.c **** 
 119:Src/stm32f4xx_hal_msp.c ****   /* USER CODE END CRC_MspDeInit 1 */
 120:Src/stm32f4xx_hal_msp.c ****   }
 121:Src/stm32f4xx_hal_msp.c **** 
 122:Src/stm32f4xx_hal_msp.c **** }
 199              		.loc 1 122 0
 200 0008 7047     		bx	lr
 201              	.L16:
 116:Src/stm32f4xx_hal_msp.c ****   /* USER CODE BEGIN CRC_MspDeInit 1 */
 202              		.loc 1 116 0
 203 000a 044A     		ldr	r2, .L17+4
 204 000c 136B     		ldr	r3, [r2, #48]
 205 000e 23F48053 		bic	r3, r3, #4096
 206 0012 1363     		str	r3, [r2, #48]
 207              		.loc 1 122 0
 208 0014 F8E7     		b	.L14
 209              	.L18:
 210 0016 00BF     		.align	2
 211              	.L17:
 212 0018 00300240 		.word	1073885184
 213 001c 00380240 		.word	1073887232
 214              		.cfi_endproc
 215              	.LFE128:
 217              		.section	.text.HAL_I2S_MspInit,"ax",%progbits
 218              		.align	1
 219              		.global	HAL_I2S_MspInit
 220              		.syntax unified
 221              		.thumb
 222              		.thumb_func
 223              		.fpu fpv4-sp-d16
 225              	HAL_I2S_MspInit:
ARM GAS  /tmp/ccTVquVw.s 			page 7


 226              	.LFB129:
 123:Src/stm32f4xx_hal_msp.c **** 
 124:Src/stm32f4xx_hal_msp.c **** void HAL_I2S_MspInit(I2S_HandleTypeDef* hi2s)
 125:Src/stm32f4xx_hal_msp.c **** {
 227              		.loc 1 125 0
 228              		.cfi_startproc
 229              		@ args = 0, pretend = 0, frame = 24
 230              		@ frame_needed = 0, uses_anonymous_args = 0
 231              	.LVL10:
 126:Src/stm32f4xx_hal_msp.c **** 
 127:Src/stm32f4xx_hal_msp.c ****   GPIO_InitTypeDef GPIO_InitStruct;
 128:Src/stm32f4xx_hal_msp.c ****   if(hi2s->Instance==SPI2)
 232              		.loc 1 128 0
 233 0000 0268     		ldr	r2, [r0]
 234 0002 1A4B     		ldr	r3, .L26
 235 0004 9A42     		cmp	r2, r3
 236 0006 00D0     		beq	.L25
 237 0008 7047     		bx	lr
 238              	.L25:
 125:Src/stm32f4xx_hal_msp.c **** 
 239              		.loc 1 125 0
 240 000a 70B5     		push	{r4, r5, r6, lr}
 241              	.LCFI5:
 242              		.cfi_def_cfa_offset 16
 243              		.cfi_offset 4, -16
 244              		.cfi_offset 5, -12
 245              		.cfi_offset 6, -8
 246              		.cfi_offset 14, -4
 247 000c 86B0     		sub	sp, sp, #24
 248              	.LCFI6:
 249              		.cfi_def_cfa_offset 40
 250              	.LBB5:
 129:Src/stm32f4xx_hal_msp.c ****   {
 130:Src/stm32f4xx_hal_msp.c ****   /* USER CODE BEGIN SPI2_MspInit 0 */
 131:Src/stm32f4xx_hal_msp.c **** 
 132:Src/stm32f4xx_hal_msp.c ****   /* USER CODE END SPI2_MspInit 0 */
 133:Src/stm32f4xx_hal_msp.c ****     /* Peripheral clock enable */
 134:Src/stm32f4xx_hal_msp.c ****     __HAL_RCC_SPI2_CLK_ENABLE();
 251              		.loc 1 134 0
 252 000e 0024     		movs	r4, #0
 253 0010 0094     		str	r4, [sp]
 254 0012 03F50033 		add	r3, r3, #131072
 255 0016 1A6C     		ldr	r2, [r3, #64]
 256 0018 42F48042 		orr	r2, r2, #16384
 257 001c 1A64     		str	r2, [r3, #64]
 258 001e 1B6C     		ldr	r3, [r3, #64]
 259 0020 03F48043 		and	r3, r3, #16384
 260 0024 0093     		str	r3, [sp]
 261 0026 009B     		ldr	r3, [sp]
 262              	.LBE5:
 135:Src/stm32f4xx_hal_msp.c ****   
 136:Src/stm32f4xx_hal_msp.c ****     /**I2S2 GPIO Configuration    
 137:Src/stm32f4xx_hal_msp.c ****     PC3     ------> I2S2_SD
 138:Src/stm32f4xx_hal_msp.c ****     PB10     ------> I2S2_CK
 139:Src/stm32f4xx_hal_msp.c ****     PB12     ------> I2S2_WS 
 140:Src/stm32f4xx_hal_msp.c ****     */
 141:Src/stm32f4xx_hal_msp.c ****     GPIO_InitStruct.Pin = GPIO_PIN_3;
ARM GAS  /tmp/ccTVquVw.s 			page 8


 263              		.loc 1 141 0
 264 0028 0823     		movs	r3, #8
 265 002a 0193     		str	r3, [sp, #4]
 142:Src/stm32f4xx_hal_msp.c ****     GPIO_InitStruct.Mode = GPIO_MODE_AF_PP;
 266              		.loc 1 142 0
 267 002c 0226     		movs	r6, #2
 268 002e 0296     		str	r6, [sp, #8]
 143:Src/stm32f4xx_hal_msp.c ****     GPIO_InitStruct.Pull = GPIO_NOPULL;
 269              		.loc 1 143 0
 270 0030 0394     		str	r4, [sp, #12]
 144:Src/stm32f4xx_hal_msp.c ****     GPIO_InitStruct.Speed = GPIO_SPEED_FREQ_LOW;
 271              		.loc 1 144 0
 272 0032 0494     		str	r4, [sp, #16]
 145:Src/stm32f4xx_hal_msp.c ****     GPIO_InitStruct.Alternate = GPIO_AF5_SPI2;
 273              		.loc 1 145 0
 274 0034 0525     		movs	r5, #5
 275 0036 0595     		str	r5, [sp, #20]
 146:Src/stm32f4xx_hal_msp.c ****     HAL_GPIO_Init(GPIOC, &GPIO_InitStruct);
 276              		.loc 1 146 0
 277 0038 01A9     		add	r1, sp, #4
 278 003a 0D48     		ldr	r0, .L26+4
 279              	.LVL11:
 280 003c FFF7FEFF 		bl	HAL_GPIO_Init
 281              	.LVL12:
 147:Src/stm32f4xx_hal_msp.c **** 
 148:Src/stm32f4xx_hal_msp.c ****     GPIO_InitStruct.Pin = CLK_IN_Pin|GPIO_PIN_12;
 282              		.loc 1 148 0
 283 0040 4FF4A053 		mov	r3, #5120
 284 0044 0193     		str	r3, [sp, #4]
 149:Src/stm32f4xx_hal_msp.c ****     GPIO_InitStruct.Mode = GPIO_MODE_AF_PP;
 285              		.loc 1 149 0
 286 0046 0296     		str	r6, [sp, #8]
 150:Src/stm32f4xx_hal_msp.c ****     GPIO_InitStruct.Pull = GPIO_NOPULL;
 287              		.loc 1 150 0
 288 0048 0394     		str	r4, [sp, #12]
 151:Src/stm32f4xx_hal_msp.c ****     GPIO_InitStruct.Speed = GPIO_SPEED_FREQ_LOW;
 289              		.loc 1 151 0
 290 004a 0494     		str	r4, [sp, #16]
 152:Src/stm32f4xx_hal_msp.c ****     GPIO_InitStruct.Alternate = GPIO_AF5_SPI2;
 291              		.loc 1 152 0
 292 004c 0595     		str	r5, [sp, #20]
 153:Src/stm32f4xx_hal_msp.c ****     HAL_GPIO_Init(GPIOB, &GPIO_InitStruct);
 293              		.loc 1 153 0
 294 004e 01A9     		add	r1, sp, #4
 295 0050 0848     		ldr	r0, .L26+8
 296 0052 FFF7FEFF 		bl	HAL_GPIO_Init
 297              	.LVL13:
 154:Src/stm32f4xx_hal_msp.c **** 
 155:Src/stm32f4xx_hal_msp.c ****     /* I2S2 interrupt Init */
 156:Src/stm32f4xx_hal_msp.c ****     HAL_NVIC_SetPriority(SPI2_IRQn, 0, 0);
 298              		.loc 1 156 0
 299 0056 2246     		mov	r2, r4
 300 0058 2146     		mov	r1, r4
 301 005a 2420     		movs	r0, #36
 302 005c FFF7FEFF 		bl	HAL_NVIC_SetPriority
 303              	.LVL14:
 157:Src/stm32f4xx_hal_msp.c ****     HAL_NVIC_EnableIRQ(SPI2_IRQn);
ARM GAS  /tmp/ccTVquVw.s 			page 9


 304              		.loc 1 157 0
 305 0060 2420     		movs	r0, #36
 306 0062 FFF7FEFF 		bl	HAL_NVIC_EnableIRQ
 307              	.LVL15:
 158:Src/stm32f4xx_hal_msp.c ****   /* USER CODE BEGIN SPI2_MspInit 1 */
 159:Src/stm32f4xx_hal_msp.c **** 
 160:Src/stm32f4xx_hal_msp.c ****   /* USER CODE END SPI2_MspInit 1 */
 161:Src/stm32f4xx_hal_msp.c ****   }
 162:Src/stm32f4xx_hal_msp.c **** 
 163:Src/stm32f4xx_hal_msp.c **** }
 308              		.loc 1 163 0
 309 0066 06B0     		add	sp, sp, #24
 310              	.LCFI7:
 311              		.cfi_def_cfa_offset 16
 312              		@ sp needed
 313 0068 70BD     		pop	{r4, r5, r6, pc}
 314              	.L27:
 315 006a 00BF     		.align	2
 316              	.L26:
 317 006c 00380040 		.word	1073756160
 318 0070 00080240 		.word	1073874944
 319 0074 00040240 		.word	1073873920
 320              		.cfi_endproc
 321              	.LFE129:
 323              		.section	.text.HAL_I2S_MspDeInit,"ax",%progbits
 324              		.align	1
 325              		.global	HAL_I2S_MspDeInit
 326              		.syntax unified
 327              		.thumb
 328              		.thumb_func
 329              		.fpu fpv4-sp-d16
 331              	HAL_I2S_MspDeInit:
 332              	.LFB130:
 164:Src/stm32f4xx_hal_msp.c **** 
 165:Src/stm32f4xx_hal_msp.c **** void HAL_I2S_MspDeInit(I2S_HandleTypeDef* hi2s)
 166:Src/stm32f4xx_hal_msp.c **** {
 333              		.loc 1 166 0
 334              		.cfi_startproc
 335              		@ args = 0, pretend = 0, frame = 0
 336              		@ frame_needed = 0, uses_anonymous_args = 0
 337              	.LVL16:
 338 0000 08B5     		push	{r3, lr}
 339              	.LCFI8:
 340              		.cfi_def_cfa_offset 8
 341              		.cfi_offset 3, -8
 342              		.cfi_offset 14, -4
 167:Src/stm32f4xx_hal_msp.c **** 
 168:Src/stm32f4xx_hal_msp.c ****   if(hi2s->Instance==SPI2)
 343              		.loc 1 168 0
 344 0002 0268     		ldr	r2, [r0]
 345 0004 0A4B     		ldr	r3, .L32
 346 0006 9A42     		cmp	r2, r3
 347 0008 00D0     		beq	.L31
 348              	.LVL17:
 349              	.L28:
 169:Src/stm32f4xx_hal_msp.c ****   {
 170:Src/stm32f4xx_hal_msp.c ****   /* USER CODE BEGIN SPI2_MspDeInit 0 */
ARM GAS  /tmp/ccTVquVw.s 			page 10


 171:Src/stm32f4xx_hal_msp.c **** 
 172:Src/stm32f4xx_hal_msp.c ****   /* USER CODE END SPI2_MspDeInit 0 */
 173:Src/stm32f4xx_hal_msp.c ****     /* Peripheral clock disable */
 174:Src/stm32f4xx_hal_msp.c ****     __HAL_RCC_SPI2_CLK_DISABLE();
 175:Src/stm32f4xx_hal_msp.c ****   
 176:Src/stm32f4xx_hal_msp.c ****     /**I2S2 GPIO Configuration    
 177:Src/stm32f4xx_hal_msp.c ****     PC3     ------> I2S2_SD
 178:Src/stm32f4xx_hal_msp.c ****     PB10     ------> I2S2_CK
 179:Src/stm32f4xx_hal_msp.c ****     PB12     ------> I2S2_WS 
 180:Src/stm32f4xx_hal_msp.c ****     */
 181:Src/stm32f4xx_hal_msp.c ****     HAL_GPIO_DeInit(GPIOC, GPIO_PIN_3);
 182:Src/stm32f4xx_hal_msp.c **** 
 183:Src/stm32f4xx_hal_msp.c ****     HAL_GPIO_DeInit(GPIOB, CLK_IN_Pin|GPIO_PIN_12);
 184:Src/stm32f4xx_hal_msp.c **** 
 185:Src/stm32f4xx_hal_msp.c ****     /* I2S2 interrupt DeInit */
 186:Src/stm32f4xx_hal_msp.c ****     HAL_NVIC_DisableIRQ(SPI2_IRQn);
 187:Src/stm32f4xx_hal_msp.c ****   /* USER CODE BEGIN SPI2_MspDeInit 1 */
 188:Src/stm32f4xx_hal_msp.c **** 
 189:Src/stm32f4xx_hal_msp.c ****   /* USER CODE END SPI2_MspDeInit 1 */
 190:Src/stm32f4xx_hal_msp.c ****   }
 191:Src/stm32f4xx_hal_msp.c **** 
 192:Src/stm32f4xx_hal_msp.c **** }
 350              		.loc 1 192 0
 351 000a 08BD     		pop	{r3, pc}
 352              	.LVL18:
 353              	.L31:
 174:Src/stm32f4xx_hal_msp.c ****   
 354              		.loc 1 174 0
 355 000c 094A     		ldr	r2, .L32+4
 356 000e 136C     		ldr	r3, [r2, #64]
 357 0010 23F48043 		bic	r3, r3, #16384
 358 0014 1364     		str	r3, [r2, #64]
 181:Src/stm32f4xx_hal_msp.c **** 
 359              		.loc 1 181 0
 360 0016 0821     		movs	r1, #8
 361 0018 0748     		ldr	r0, .L32+8
 362              	.LVL19:
 363 001a FFF7FEFF 		bl	HAL_GPIO_DeInit
 364              	.LVL20:
 183:Src/stm32f4xx_hal_msp.c **** 
 365              		.loc 1 183 0
 366 001e 4FF4A051 		mov	r1, #5120
 367 0022 0648     		ldr	r0, .L32+12
 368 0024 FFF7FEFF 		bl	HAL_GPIO_DeInit
 369              	.LVL21:
 186:Src/stm32f4xx_hal_msp.c ****   /* USER CODE BEGIN SPI2_MspDeInit 1 */
 370              		.loc 1 186 0
 371 0028 2420     		movs	r0, #36
 372 002a FFF7FEFF 		bl	HAL_NVIC_DisableIRQ
 373              	.LVL22:
 374              		.loc 1 192 0
 375 002e ECE7     		b	.L28
 376              	.L33:
 377              		.align	2
 378              	.L32:
 379 0030 00380040 		.word	1073756160
 380 0034 00380240 		.word	1073887232
ARM GAS  /tmp/ccTVquVw.s 			page 11


 381 0038 00080240 		.word	1073874944
 382 003c 00040240 		.word	1073873920
 383              		.cfi_endproc
 384              	.LFE130:
 386              		.section	.text.HAL_SPI_MspInit,"ax",%progbits
 387              		.align	1
 388              		.global	HAL_SPI_MspInit
 389              		.syntax unified
 390              		.thumb
 391              		.thumb_func
 392              		.fpu fpv4-sp-d16
 394              	HAL_SPI_MspInit:
 395              	.LFB131:
 193:Src/stm32f4xx_hal_msp.c **** 
 194:Src/stm32f4xx_hal_msp.c **** void HAL_SPI_MspInit(SPI_HandleTypeDef* hspi)
 195:Src/stm32f4xx_hal_msp.c **** {
 396              		.loc 1 195 0
 397              		.cfi_startproc
 398              		@ args = 0, pretend = 0, frame = 24
 399              		@ frame_needed = 0, uses_anonymous_args = 0
 400              	.LVL23:
 196:Src/stm32f4xx_hal_msp.c **** 
 197:Src/stm32f4xx_hal_msp.c ****   GPIO_InitTypeDef GPIO_InitStruct;
 198:Src/stm32f4xx_hal_msp.c ****   if(hspi->Instance==SPI1)
 401              		.loc 1 198 0
 402 0000 0268     		ldr	r2, [r0]
 403 0002 104B     		ldr	r3, .L41
 404 0004 9A42     		cmp	r2, r3
 405 0006 00D0     		beq	.L40
 406 0008 7047     		bx	lr
 407              	.L40:
 195:Src/stm32f4xx_hal_msp.c **** 
 408              		.loc 1 195 0
 409 000a 00B5     		push	{lr}
 410              	.LCFI9:
 411              		.cfi_def_cfa_offset 4
 412              		.cfi_offset 14, -4
 413 000c 87B0     		sub	sp, sp, #28
 414              	.LCFI10:
 415              		.cfi_def_cfa_offset 32
 416              	.LBB6:
 199:Src/stm32f4xx_hal_msp.c ****   {
 200:Src/stm32f4xx_hal_msp.c ****   /* USER CODE BEGIN SPI1_MspInit 0 */
 201:Src/stm32f4xx_hal_msp.c **** 
 202:Src/stm32f4xx_hal_msp.c ****   /* USER CODE END SPI1_MspInit 0 */
 203:Src/stm32f4xx_hal_msp.c ****     /* Peripheral clock enable */
 204:Src/stm32f4xx_hal_msp.c ****     __HAL_RCC_SPI1_CLK_ENABLE();
 417              		.loc 1 204 0
 418 000e 0023     		movs	r3, #0
 419 0010 0093     		str	r3, [sp]
 420 0012 0D4A     		ldr	r2, .L41+4
 421 0014 516C     		ldr	r1, [r2, #68]
 422 0016 41F48051 		orr	r1, r1, #4096
 423 001a 5164     		str	r1, [r2, #68]
 424 001c 526C     		ldr	r2, [r2, #68]
 425 001e 02F48052 		and	r2, r2, #4096
 426 0022 0092     		str	r2, [sp]
ARM GAS  /tmp/ccTVquVw.s 			page 12


 427 0024 009A     		ldr	r2, [sp]
 428              	.LBE6:
 205:Src/stm32f4xx_hal_msp.c ****   
 206:Src/stm32f4xx_hal_msp.c ****     /**SPI1 GPIO Configuration    
 207:Src/stm32f4xx_hal_msp.c ****     PA5     ------> SPI1_SCK
 208:Src/stm32f4xx_hal_msp.c ****     PA6     ------> SPI1_MISO
 209:Src/stm32f4xx_hal_msp.c ****     PA7     ------> SPI1_MOSI 
 210:Src/stm32f4xx_hal_msp.c ****     */
 211:Src/stm32f4xx_hal_msp.c ****     GPIO_InitStruct.Pin = SPI1_SCK_Pin|SPI1_MISO_Pin|SPI1_MOSI_Pin;
 429              		.loc 1 211 0
 430 0026 E022     		movs	r2, #224
 431 0028 0192     		str	r2, [sp, #4]
 212:Src/stm32f4xx_hal_msp.c ****     GPIO_InitStruct.Mode = GPIO_MODE_AF_PP;
 432              		.loc 1 212 0
 433 002a 0222     		movs	r2, #2
 434 002c 0292     		str	r2, [sp, #8]
 213:Src/stm32f4xx_hal_msp.c ****     GPIO_InitStruct.Pull = GPIO_NOPULL;
 435              		.loc 1 213 0
 436 002e 0393     		str	r3, [sp, #12]
 214:Src/stm32f4xx_hal_msp.c ****     GPIO_InitStruct.Speed = GPIO_SPEED_FREQ_LOW;
 437              		.loc 1 214 0
 438 0030 0493     		str	r3, [sp, #16]
 215:Src/stm32f4xx_hal_msp.c ****     GPIO_InitStruct.Alternate = GPIO_AF5_SPI1;
 439              		.loc 1 215 0
 440 0032 0523     		movs	r3, #5
 441 0034 0593     		str	r3, [sp, #20]
 216:Src/stm32f4xx_hal_msp.c ****     HAL_GPIO_Init(GPIOA, &GPIO_InitStruct);
 442              		.loc 1 216 0
 443 0036 01A9     		add	r1, sp, #4
 444 0038 0448     		ldr	r0, .L41+8
 445              	.LVL24:
 446 003a FFF7FEFF 		bl	HAL_GPIO_Init
 447              	.LVL25:
 217:Src/stm32f4xx_hal_msp.c **** 
 218:Src/stm32f4xx_hal_msp.c ****   /* USER CODE BEGIN SPI1_MspInit 1 */
 219:Src/stm32f4xx_hal_msp.c **** 
 220:Src/stm32f4xx_hal_msp.c ****   /* USER CODE END SPI1_MspInit 1 */
 221:Src/stm32f4xx_hal_msp.c ****   }
 222:Src/stm32f4xx_hal_msp.c **** 
 223:Src/stm32f4xx_hal_msp.c **** }
 448              		.loc 1 223 0
 449 003e 07B0     		add	sp, sp, #28
 450              	.LCFI11:
 451              		.cfi_def_cfa_offset 4
 452              		@ sp needed
 453 0040 5DF804FB 		ldr	pc, [sp], #4
 454              	.L42:
 455              		.align	2
 456              	.L41:
 457 0044 00300140 		.word	1073819648
 458 0048 00380240 		.word	1073887232
 459 004c 00000240 		.word	1073872896
 460              		.cfi_endproc
 461              	.LFE131:
 463              		.section	.text.HAL_SPI_MspDeInit,"ax",%progbits
 464              		.align	1
 465              		.global	HAL_SPI_MspDeInit
ARM GAS  /tmp/ccTVquVw.s 			page 13


 466              		.syntax unified
 467              		.thumb
 468              		.thumb_func
 469              		.fpu fpv4-sp-d16
 471              	HAL_SPI_MspDeInit:
 472              	.LFB132:
 224:Src/stm32f4xx_hal_msp.c **** 
 225:Src/stm32f4xx_hal_msp.c **** void HAL_SPI_MspDeInit(SPI_HandleTypeDef* hspi)
 226:Src/stm32f4xx_hal_msp.c **** {
 473              		.loc 1 226 0
 474              		.cfi_startproc
 475              		@ args = 0, pretend = 0, frame = 0
 476              		@ frame_needed = 0, uses_anonymous_args = 0
 477              	.LVL26:
 478 0000 08B5     		push	{r3, lr}
 479              	.LCFI12:
 480              		.cfi_def_cfa_offset 8
 481              		.cfi_offset 3, -8
 482              		.cfi_offset 14, -4
 227:Src/stm32f4xx_hal_msp.c **** 
 228:Src/stm32f4xx_hal_msp.c ****   if(hspi->Instance==SPI1)
 483              		.loc 1 228 0
 484 0002 0268     		ldr	r2, [r0]
 485 0004 064B     		ldr	r3, .L47
 486 0006 9A42     		cmp	r2, r3
 487 0008 00D0     		beq	.L46
 488              	.LVL27:
 489              	.L43:
 229:Src/stm32f4xx_hal_msp.c ****   {
 230:Src/stm32f4xx_hal_msp.c ****   /* USER CODE BEGIN SPI1_MspDeInit 0 */
 231:Src/stm32f4xx_hal_msp.c **** 
 232:Src/stm32f4xx_hal_msp.c ****   /* USER CODE END SPI1_MspDeInit 0 */
 233:Src/stm32f4xx_hal_msp.c ****     /* Peripheral clock disable */
 234:Src/stm32f4xx_hal_msp.c ****     __HAL_RCC_SPI1_CLK_DISABLE();
 235:Src/stm32f4xx_hal_msp.c ****   
 236:Src/stm32f4xx_hal_msp.c ****     /**SPI1 GPIO Configuration    
 237:Src/stm32f4xx_hal_msp.c ****     PA5     ------> SPI1_SCK
 238:Src/stm32f4xx_hal_msp.c ****     PA6     ------> SPI1_MISO
 239:Src/stm32f4xx_hal_msp.c ****     PA7     ------> SPI1_MOSI 
 240:Src/stm32f4xx_hal_msp.c ****     */
 241:Src/stm32f4xx_hal_msp.c ****     HAL_GPIO_DeInit(GPIOA, SPI1_SCK_Pin|SPI1_MISO_Pin|SPI1_MOSI_Pin);
 242:Src/stm32f4xx_hal_msp.c **** 
 243:Src/stm32f4xx_hal_msp.c ****   /* USER CODE BEGIN SPI1_MspDeInit 1 */
 244:Src/stm32f4xx_hal_msp.c **** 
 245:Src/stm32f4xx_hal_msp.c ****   /* USER CODE END SPI1_MspDeInit 1 */
 246:Src/stm32f4xx_hal_msp.c ****   }
 247:Src/stm32f4xx_hal_msp.c **** 
 248:Src/stm32f4xx_hal_msp.c **** }
 490              		.loc 1 248 0
 491 000a 08BD     		pop	{r3, pc}
 492              	.LVL28:
 493              	.L46:
 234:Src/stm32f4xx_hal_msp.c ****   
 494              		.loc 1 234 0
 495 000c 054A     		ldr	r2, .L47+4
 496 000e 536C     		ldr	r3, [r2, #68]
 497 0010 23F48053 		bic	r3, r3, #4096
ARM GAS  /tmp/ccTVquVw.s 			page 14


 498 0014 5364     		str	r3, [r2, #68]
 241:Src/stm32f4xx_hal_msp.c **** 
 499              		.loc 1 241 0
 500 0016 E021     		movs	r1, #224
 501 0018 0348     		ldr	r0, .L47+8
 502              	.LVL29:
 503 001a FFF7FEFF 		bl	HAL_GPIO_DeInit
 504              	.LVL30:
 505              		.loc 1 248 0
 506 001e F4E7     		b	.L43
 507              	.L48:
 508              		.align	2
 509              	.L47:
 510 0020 00300140 		.word	1073819648
 511 0024 00380240 		.word	1073887232
 512 0028 00000240 		.word	1073872896
 513              		.cfi_endproc
 514              	.LFE132:
 516              		.section	.text.HAL_UART_MspInit,"ax",%progbits
 517              		.align	1
 518              		.global	HAL_UART_MspInit
 519              		.syntax unified
 520              		.thumb
 521              		.thumb_func
 522              		.fpu fpv4-sp-d16
 524              	HAL_UART_MspInit:
 525              	.LFB133:
 249:Src/stm32f4xx_hal_msp.c **** 
 250:Src/stm32f4xx_hal_msp.c **** void HAL_UART_MspInit(UART_HandleTypeDef* huart)
 251:Src/stm32f4xx_hal_msp.c **** {
 526              		.loc 1 251 0
 527              		.cfi_startproc
 528              		@ args = 0, pretend = 0, frame = 24
 529              		@ frame_needed = 0, uses_anonymous_args = 0
 530              	.LVL31:
 252:Src/stm32f4xx_hal_msp.c **** 
 253:Src/stm32f4xx_hal_msp.c ****   GPIO_InitTypeDef GPIO_InitStruct;
 254:Src/stm32f4xx_hal_msp.c ****   if(huart->Instance==USART2)
 531              		.loc 1 254 0
 532 0000 0268     		ldr	r2, [r0]
 533 0002 114B     		ldr	r3, .L56
 534 0004 9A42     		cmp	r2, r3
 535 0006 00D0     		beq	.L55
 536 0008 7047     		bx	lr
 537              	.L55:
 251:Src/stm32f4xx_hal_msp.c **** 
 538              		.loc 1 251 0
 539 000a 00B5     		push	{lr}
 540              	.LCFI13:
 541              		.cfi_def_cfa_offset 4
 542              		.cfi_offset 14, -4
 543 000c 87B0     		sub	sp, sp, #28
 544              	.LCFI14:
 545              		.cfi_def_cfa_offset 32
 546              	.LBB7:
 255:Src/stm32f4xx_hal_msp.c ****   {
 256:Src/stm32f4xx_hal_msp.c ****   /* USER CODE BEGIN USART2_MspInit 0 */
ARM GAS  /tmp/ccTVquVw.s 			page 15


 257:Src/stm32f4xx_hal_msp.c **** 
 258:Src/stm32f4xx_hal_msp.c ****   /* USER CODE END USART2_MspInit 0 */
 259:Src/stm32f4xx_hal_msp.c ****     /* Peripheral clock enable */
 260:Src/stm32f4xx_hal_msp.c ****     __HAL_RCC_USART2_CLK_ENABLE();
 547              		.loc 1 260 0
 548 000e 0023     		movs	r3, #0
 549 0010 0093     		str	r3, [sp]
 550 0012 0E4B     		ldr	r3, .L56+4
 551 0014 1A6C     		ldr	r2, [r3, #64]
 552 0016 42F40032 		orr	r2, r2, #131072
 553 001a 1A64     		str	r2, [r3, #64]
 554 001c 1B6C     		ldr	r3, [r3, #64]
 555 001e 03F40033 		and	r3, r3, #131072
 556 0022 0093     		str	r3, [sp]
 557 0024 009B     		ldr	r3, [sp]
 558              	.LBE7:
 261:Src/stm32f4xx_hal_msp.c ****   
 262:Src/stm32f4xx_hal_msp.c ****     /**USART2 GPIO Configuration    
 263:Src/stm32f4xx_hal_msp.c ****     PA2     ------> USART2_TX
 264:Src/stm32f4xx_hal_msp.c ****     PA3     ------> USART2_RX 
 265:Src/stm32f4xx_hal_msp.c ****     */
 266:Src/stm32f4xx_hal_msp.c ****     GPIO_InitStruct.Pin = GPIO_PIN_2|GPIO_PIN_3;
 559              		.loc 1 266 0
 560 0026 0C23     		movs	r3, #12
 561 0028 0193     		str	r3, [sp, #4]
 267:Src/stm32f4xx_hal_msp.c ****     GPIO_InitStruct.Mode = GPIO_MODE_AF_PP;
 562              		.loc 1 267 0
 563 002a 0223     		movs	r3, #2
 564 002c 0293     		str	r3, [sp, #8]
 268:Src/stm32f4xx_hal_msp.c ****     GPIO_InitStruct.Pull = GPIO_PULLUP;
 565              		.loc 1 268 0
 566 002e 0123     		movs	r3, #1
 567 0030 0393     		str	r3, [sp, #12]
 269:Src/stm32f4xx_hal_msp.c ****     GPIO_InitStruct.Speed = GPIO_SPEED_FREQ_VERY_HIGH;
 568              		.loc 1 269 0
 569 0032 0323     		movs	r3, #3
 570 0034 0493     		str	r3, [sp, #16]
 270:Src/stm32f4xx_hal_msp.c ****     GPIO_InitStruct.Alternate = GPIO_AF7_USART2;
 571              		.loc 1 270 0
 572 0036 0723     		movs	r3, #7
 573 0038 0593     		str	r3, [sp, #20]
 271:Src/stm32f4xx_hal_msp.c ****     HAL_GPIO_Init(GPIOA, &GPIO_InitStruct);
 574              		.loc 1 271 0
 575 003a 01A9     		add	r1, sp, #4
 576 003c 0448     		ldr	r0, .L56+8
 577              	.LVL32:
 578 003e FFF7FEFF 		bl	HAL_GPIO_Init
 579              	.LVL33:
 272:Src/stm32f4xx_hal_msp.c **** 
 273:Src/stm32f4xx_hal_msp.c ****   /* USER CODE BEGIN USART2_MspInit 1 */
 274:Src/stm32f4xx_hal_msp.c **** 
 275:Src/stm32f4xx_hal_msp.c ****   /* USER CODE END USART2_MspInit 1 */
 276:Src/stm32f4xx_hal_msp.c ****   }
 277:Src/stm32f4xx_hal_msp.c **** 
 278:Src/stm32f4xx_hal_msp.c **** }
 580              		.loc 1 278 0
 581 0042 07B0     		add	sp, sp, #28
ARM GAS  /tmp/ccTVquVw.s 			page 16


 582              	.LCFI15:
 583              		.cfi_def_cfa_offset 4
 584              		@ sp needed
 585 0044 5DF804FB 		ldr	pc, [sp], #4
 586              	.L57:
 587              		.align	2
 588              	.L56:
 589 0048 00440040 		.word	1073759232
 590 004c 00380240 		.word	1073887232
 591 0050 00000240 		.word	1073872896
 592              		.cfi_endproc
 593              	.LFE133:
 595              		.section	.text.HAL_UART_MspDeInit,"ax",%progbits
 596              		.align	1
 597              		.global	HAL_UART_MspDeInit
 598              		.syntax unified
 599              		.thumb
 600              		.thumb_func
 601              		.fpu fpv4-sp-d16
 603              	HAL_UART_MspDeInit:
 604              	.LFB134:
 279:Src/stm32f4xx_hal_msp.c **** 
 280:Src/stm32f4xx_hal_msp.c **** void HAL_UART_MspDeInit(UART_HandleTypeDef* huart)
 281:Src/stm32f4xx_hal_msp.c **** {
 605              		.loc 1 281 0
 606              		.cfi_startproc
 607              		@ args = 0, pretend = 0, frame = 0
 608              		@ frame_needed = 0, uses_anonymous_args = 0
 609              	.LVL34:
 610 0000 08B5     		push	{r3, lr}
 611              	.LCFI16:
 612              		.cfi_def_cfa_offset 8
 613              		.cfi_offset 3, -8
 614              		.cfi_offset 14, -4
 282:Src/stm32f4xx_hal_msp.c **** 
 283:Src/stm32f4xx_hal_msp.c ****   if(huart->Instance==USART2)
 615              		.loc 1 283 0
 616 0002 0268     		ldr	r2, [r0]
 617 0004 064B     		ldr	r3, .L62
 618 0006 9A42     		cmp	r2, r3
 619 0008 00D0     		beq	.L61
 620              	.LVL35:
 621              	.L58:
 284:Src/stm32f4xx_hal_msp.c ****   {
 285:Src/stm32f4xx_hal_msp.c ****   /* USER CODE BEGIN USART2_MspDeInit 0 */
 286:Src/stm32f4xx_hal_msp.c **** 
 287:Src/stm32f4xx_hal_msp.c ****   /* USER CODE END USART2_MspDeInit 0 */
 288:Src/stm32f4xx_hal_msp.c ****     /* Peripheral clock disable */
 289:Src/stm32f4xx_hal_msp.c ****     __HAL_RCC_USART2_CLK_DISABLE();
 290:Src/stm32f4xx_hal_msp.c ****   
 291:Src/stm32f4xx_hal_msp.c ****     /**USART2 GPIO Configuration    
 292:Src/stm32f4xx_hal_msp.c ****     PA2     ------> USART2_TX
 293:Src/stm32f4xx_hal_msp.c ****     PA3     ------> USART2_RX 
 294:Src/stm32f4xx_hal_msp.c ****     */
 295:Src/stm32f4xx_hal_msp.c ****     HAL_GPIO_DeInit(GPIOA, GPIO_PIN_2|GPIO_PIN_3);
 296:Src/stm32f4xx_hal_msp.c **** 
 297:Src/stm32f4xx_hal_msp.c ****   /* USER CODE BEGIN USART2_MspDeInit 1 */
ARM GAS  /tmp/ccTVquVw.s 			page 17


 298:Src/stm32f4xx_hal_msp.c **** 
 299:Src/stm32f4xx_hal_msp.c ****   /* USER CODE END USART2_MspDeInit 1 */
 300:Src/stm32f4xx_hal_msp.c ****   }
 301:Src/stm32f4xx_hal_msp.c **** 
 302:Src/stm32f4xx_hal_msp.c **** }
 622              		.loc 1 302 0
 623 000a 08BD     		pop	{r3, pc}
 624              	.LVL36:
 625              	.L61:
 289:Src/stm32f4xx_hal_msp.c ****   
 626              		.loc 1 289 0
 627 000c 054A     		ldr	r2, .L62+4
 628 000e 136C     		ldr	r3, [r2, #64]
 629 0010 23F40033 		bic	r3, r3, #131072
 630 0014 1364     		str	r3, [r2, #64]
 295:Src/stm32f4xx_hal_msp.c **** 
 631              		.loc 1 295 0
 632 0016 0C21     		movs	r1, #12
 633 0018 0348     		ldr	r0, .L62+8
 634              	.LVL37:
 635 001a FFF7FEFF 		bl	HAL_GPIO_DeInit
 636              	.LVL38:
 637              		.loc 1 302 0
 638 001e F4E7     		b	.L58
 639              	.L63:
 640              		.align	2
 641              	.L62:
 642 0020 00440040 		.word	1073759232
 643 0024 00380240 		.word	1073887232
 644 0028 00000240 		.word	1073872896
 645              		.cfi_endproc
 646              	.LFE134:
 648              		.text
 649              	.Letext0:
 650              		.file 2 "/usr/arm-none-eabi/include/machine/_default_types.h"
 651              		.file 3 "/usr/arm-none-eabi/include/sys/_stdint.h"
 652              		.file 4 "Drivers/CMSIS/Include/core_cm4.h"
 653              		.file 5 "Drivers/CMSIS/Device/ST/STM32F4xx/Include/system_stm32f4xx.h"
 654              		.file 6 "Drivers/CMSIS/Device/ST/STM32F4xx/Include/stm32f407xx.h"
 655              		.file 7 "/usr/arm-none-eabi/include/sys/lock.h"
 656              		.file 8 "/usr/arm-none-eabi/include/sys/_types.h"
 657              		.file 9 "/usr/lib/gcc/arm-none-eabi/7.3.1/include/stddef.h"
 658              		.file 10 "/usr/arm-none-eabi/include/sys/reent.h"
 659              		.file 11 "Drivers/STM32F4xx_HAL_Driver/Inc/stm32f4xx_hal_def.h"
 660              		.file 12 "Drivers/STM32F4xx_HAL_Driver/Inc/stm32f4xx_hal_gpio.h"
 661              		.file 13 "Drivers/STM32F4xx_HAL_Driver/Inc/stm32f4xx_hal_dma.h"
 662              		.file 14 "Drivers/STM32F4xx_HAL_Driver/Inc/stm32f4xx_hal_crc.h"
 663              		.file 15 "Drivers/STM32F4xx_HAL_Driver/Inc/stm32f4xx_hal_i2s.h"
 664              		.file 16 "Drivers/STM32F4xx_HAL_Driver/Inc/stm32f4xx_hal_spi.h"
 665              		.file 17 "Drivers/STM32F4xx_HAL_Driver/Inc/stm32f4xx_hal_uart.h"
 666              		.file 18 "Drivers/STM32F4xx_HAL_Driver/Inc/stm32f4xx_hal_cortex.h"
ARM GAS  /tmp/ccTVquVw.s 			page 18


DEFINED SYMBOLS
                            *ABS*:0000000000000000 stm32f4xx_hal_msp.c
     /tmp/ccTVquVw.s:18     .text.HAL_MspInit:0000000000000000 $t
     /tmp/ccTVquVw.s:25     .text.HAL_MspInit:0000000000000000 HAL_MspInit
     /tmp/ccTVquVw.s:119    .text.HAL_MspInit:0000000000000090 $d
     /tmp/ccTVquVw.s:124    .text.HAL_CRC_MspInit:0000000000000000 $t
     /tmp/ccTVquVw.s:131    .text.HAL_CRC_MspInit:0000000000000000 HAL_CRC_MspInit
     /tmp/ccTVquVw.s:172    .text.HAL_CRC_MspInit:0000000000000028 $d
     /tmp/ccTVquVw.s:178    .text.HAL_CRC_MspDeInit:0000000000000000 $t
     /tmp/ccTVquVw.s:185    .text.HAL_CRC_MspDeInit:0000000000000000 HAL_CRC_MspDeInit
     /tmp/ccTVquVw.s:212    .text.HAL_CRC_MspDeInit:0000000000000018 $d
     /tmp/ccTVquVw.s:218    .text.HAL_I2S_MspInit:0000000000000000 $t
     /tmp/ccTVquVw.s:225    .text.HAL_I2S_MspInit:0000000000000000 HAL_I2S_MspInit
     /tmp/ccTVquVw.s:317    .text.HAL_I2S_MspInit:000000000000006c $d
     /tmp/ccTVquVw.s:324    .text.HAL_I2S_MspDeInit:0000000000000000 $t
     /tmp/ccTVquVw.s:331    .text.HAL_I2S_MspDeInit:0000000000000000 HAL_I2S_MspDeInit
     /tmp/ccTVquVw.s:379    .text.HAL_I2S_MspDeInit:0000000000000030 $d
     /tmp/ccTVquVw.s:387    .text.HAL_SPI_MspInit:0000000000000000 $t
     /tmp/ccTVquVw.s:394    .text.HAL_SPI_MspInit:0000000000000000 HAL_SPI_MspInit
     /tmp/ccTVquVw.s:457    .text.HAL_SPI_MspInit:0000000000000044 $d
     /tmp/ccTVquVw.s:464    .text.HAL_SPI_MspDeInit:0000000000000000 $t
     /tmp/ccTVquVw.s:471    .text.HAL_SPI_MspDeInit:0000000000000000 HAL_SPI_MspDeInit
     /tmp/ccTVquVw.s:510    .text.HAL_SPI_MspDeInit:0000000000000020 $d
     /tmp/ccTVquVw.s:517    .text.HAL_UART_MspInit:0000000000000000 $t
     /tmp/ccTVquVw.s:524    .text.HAL_UART_MspInit:0000000000000000 HAL_UART_MspInit
     /tmp/ccTVquVw.s:589    .text.HAL_UART_MspInit:0000000000000048 $d
     /tmp/ccTVquVw.s:596    .text.HAL_UART_MspDeInit:0000000000000000 $t
     /tmp/ccTVquVw.s:603    .text.HAL_UART_MspDeInit:0000000000000000 HAL_UART_MspDeInit
     /tmp/ccTVquVw.s:642    .text.HAL_UART_MspDeInit:0000000000000020 $d

UNDEFINED SYMBOLS
HAL_NVIC_SetPriorityGrouping
HAL_NVIC_SetPriority
HAL_GPIO_Init
HAL_NVIC_EnableIRQ
HAL_GPIO_DeInit
HAL_NVIC_DisableIRQ
